<?xml version="1.0" encoding="UTF-8"?>
<testsuite name="study.arrays.ArraysSampleTest" tests="7" skipped="0" failures="0" errors="0" timestamp="2019-01-22T15:00:44" hostname="DESKTOP-IHPU14F" time="0.003">
  <properties/>
  <testcase name="testStringOverCopyOfRange" classname="study.arrays.ArraysSampleTest" time="0.002"/>
  <testcase name="testStringArraysCopyOfNull" classname="study.arrays.ArraysSampleTest" time="0.0"/>
  <testcase name="testStringCopyOfOppositeRange" classname="study.arrays.ArraysSampleTest" time="0.0"/>
  <testcase name="testStringCopyOfRange" classname="study.arrays.ArraysSampleTest" time="0.0"/>
  <testcase name="testStringArraysCopyOf" classname="study.arrays.ArraysSampleTest" time="0.0"/>
  <testcase name="testStringOverArraysCopyOf" classname="study.arrays.ArraysSampleTest" time="0.0"/>
  <testcase name="testStringFill" classname="study.arrays.ArraysSampleTest" time="0.0"/>
  <system-out><![CDATA[]]></system-out>
  <system-err><![CDATA[]]></system-err>
</testsuite>
