<?xml version="1.0" encoding="UTF-8"?>
<testsuite name="study.arrays.ArraysSampleTest" tests="1" skipped="0" failures="0" errors="0" timestamp="2019-01-21T16:44:19" hostname="DESKTOP-IHPU14F" time="0.002">
  <properties/>
  <testcase name="testStringCopyOfRange" classname="study.arrays.ArraysSampleTest" time="0.002"/>
  <system-out><![CDATA[]]></system-out>
  <system-err><![CDATA[]]></system-err>
</testsuite>
